This is pdfTeX, Version 3.14159265-2.6-1.40.20 (MiKTeX 2.9.7050 64-bit) (preloaded format=pdflatex 2019.6.24)  19 JUL 2019 10:57
entering extended mode
**../inst/doc/UsingFeatureExtractionKorean.tex
(../inst/doc/UsingFeatureExtractionKorean.tex
LaTeX2e <2018-12-01>
("C:\Program Files\MiKTeX 2.9\tex/latex/base\article.cls"
Document Class: article 2018/09/03 v1.4i Standard LaTeX document class
("C:\Program Files\MiKTeX 2.9\tex/latex/base\size10.clo"
File: size10.clo 2018/09/03 v1.4i Standard LaTeX file (size option)
)
\c@part=\count80
\c@section=\count81
\c@subsection=\count82
\c@subsubsection=\count83
\c@paragraph=\count84
\c@subparagraph=\count85
\c@figure=\count86
\c@table=\count87
\abovecaptionskip=\skip41
\belowcaptionskip=\skip42
\bibindent=\dimen102
) ("C:\Program Files\MiKTeX 2.9\tex/latex/lm\lmodern.sty"
Package: lmodern 2009/10/30 v1.6 Latin Modern Fonts
LaTeX Font Info:    Overwriting symbol font `operators' in version `normal'
(Font)                  OT1/cmr/m/n --> OT1/lmr/m/n on input line 22.
LaTeX Font Info:    Overwriting symbol font `letters' in version `normal'
(Font)                  OML/cmm/m/it --> OML/lmm/m/it on input line 23.
LaTeX Font Info:    Overwriting symbol font `symbols' in version `normal'
(Font)                  OMS/cmsy/m/n --> OMS/lmsy/m/n on input line 24.
LaTeX Font Info:    Overwriting symbol font `largesymbols' in version `normal'
(Font)                  OMX/cmex/m/n --> OMX/lmex/m/n on input line 25.
LaTeX Font Info:    Overwriting symbol font `operators' in version `bold'
(Font)                  OT1/cmr/bx/n --> OT1/lmr/bx/n on input line 26.
LaTeX Font Info:    Overwriting symbol font `letters' in version `bold'
(Font)                  OML/cmm/b/it --> OML/lmm/b/it on input line 27.
LaTeX Font Info:    Overwriting symbol font `symbols' in version `bold'
(Font)                  OMS/cmsy/b/n --> OMS/lmsy/b/n on input line 28.
LaTeX Font Info:    Overwriting symbol font `largesymbols' in version `bold'
(Font)                  OMX/cmex/m/n --> OMX/lmex/m/n on input line 29.
LaTeX Font Info:    Overwriting math alphabet `\mathbf' in version `normal'
(Font)                  OT1/cmr/bx/n --> OT1/lmr/bx/n on input line 31.
LaTeX Font Info:    Overwriting math alphabet `\mathsf' in version `normal'
(Font)                  OT1/cmss/m/n --> OT1/lmss/m/n on input line 32.
LaTeX Font Info:    Overwriting math alphabet `\mathit' in version `normal'
(Font)                  OT1/cmr/m/it --> OT1/lmr/m/it on input line 33.
LaTeX Font Info:    Overwriting math alphabet `\mathtt' in version `normal'
(Font)                  OT1/cmtt/m/n --> OT1/lmtt/m/n on input line 34.
LaTeX Font Info:    Overwriting math alphabet `\mathbf' in version `bold'
(Font)                  OT1/cmr/bx/n --> OT1/lmr/bx/n on input line 35.
LaTeX Font Info:    Overwriting math alphabet `\mathsf' in version `bold'
(Font)                  OT1/cmss/bx/n --> OT1/lmss/bx/n on input line 36.
LaTeX Font Info:    Overwriting math alphabet `\mathit' in version `bold'
(Font)                  OT1/cmr/bx/it --> OT1/lmr/bx/it on input line 37.
LaTeX Font Info:    Overwriting math alphabet `\mathtt' in version `bold'
(Font)                  OT1/cmtt/m/n --> OT1/lmtt/m/n on input line 38.
) ("C:\Program Files\MiKTeX 2.9\tex/latex/amsfonts\amssymb.sty"
Package: amssymb 2013/01/14 v3.01 AMS font symbols
("C:\Program Files\MiKTeX 2.9\tex/latex/amsfonts\amsfonts.sty"
Package: amsfonts 2013/01/14 v3.01 Basic AMSFonts support
\@emptytoks=\toks14
\symAMSa=\mathgroup4
\symAMSb=\mathgroup5
LaTeX Font Info:    Overwriting math alphabet `\mathfrak' in version `bold'
(Font)                  U/euf/m/n --> U/euf/b/n on input line 106.
)) ("C:\Program Files\MiKTeX 2.9\tex/latex/amsmath\amsmath.sty"
Package: amsmath 2018/12/01 v2.17b AMS math features
\@mathmargin=\skip43
For additional information on amsmath, use the `?' option.
("C:\Program Files\MiKTeX 2.9\tex/latex/amsmath\amstext.sty"
Package: amstext 2000/06/29 v2.01 AMS text
("C:\Program Files\MiKTeX 2.9\tex/latex/amsmath\amsgen.sty"
File: amsgen.sty 1999/11/30 v2.0 generic functions
\@emptytoks=\toks15
\ex@=\dimen103
)) ("C:\Program Files\MiKTeX 2.9\tex/latex/amsmath\amsbsy.sty"
Package: amsbsy 1999/11/29 v1.2d Bold Symbols
\pmbraise@=\dimen104
) ("C:\Program Files\MiKTeX 2.9\tex/latex/amsmath\amsopn.sty"
Package: amsopn 2016/03/08 v2.02 operator names
)
\inf@bad=\count88
LaTeX Info: Redefining \frac on input line 223.
\uproot@=\count89
\leftroot@=\count90
LaTeX Info: Redefining \overline on input line 385.
\classnum@=\count91
\DOTSCASE@=\count92
LaTeX Info: Redefining \ldots on input line 482.
LaTeX Info: Redefining \dots on input line 485.
LaTeX Info: Redefining \cdots on input line 606.
\Mathstrutbox@=\box27
\strutbox@=\box28
\big@size=\dimen105
LaTeX Font Info:    Redeclaring font encoding OML on input line 729.
LaTeX Font Info:    Redeclaring font encoding OMS on input line 730.
\macc@depth=\count93
\c@MaxMatrixCols=\count94
\dotsspace@=\muskip10
\c@parentequation=\count95
\dspbrk@lvl=\count96
\tag@help=\toks16
\row@=\count97
\column@=\count98
\maxfields@=\count99
\andhelp@=\toks17
\eqnshift@=\dimen106
\alignsep@=\dimen107
\tagshift@=\dimen108
\tagwidth@=\dimen109
\totwidth@=\dimen110
\lineht@=\dimen111
\@envbody=\toks18
\multlinegap=\skip44
\multlinetaggap=\skip45
\mathdisplay@stack=\toks19
LaTeX Info: Redefining \[ on input line 2844.
LaTeX Info: Redefining \] on input line 2845.
) ("C:\Program Files\MiKTeX 2.9\tex/generic/ifxetex\ifxetex.sty"
Package: ifxetex 2010/09/12 v0.6 Provides ifxetex conditional
) ("C:\Program Files\MiKTeX 2.9\tex/generic/oberdiek\ifluatex.sty"
Package: ifluatex 2016/05/16 v1.4 Provides the ifluatex switch (HO)
Package ifluatex Info: LuaTeX not detected.
) ("C:\Program Files\MiKTeX 2.9\tex/latex/base\fixltx2e.sty"
Package: fixltx2e 2016/12/29 v2.1a fixes to LaTeX (obsolete)
Applying: [2015/01/01] Old fixltx2e package on input line 46.

Package fixltx2e Warning: fixltx2e is not required with releases after 2015
(fixltx2e)                All fixes are now in the LaTeX kernel.
(fixltx2e)                See the latexrelease package for details.

Already applied: [0000/00/00] Old fixltx2e package on input line 53.
) ("C:\Program Files\MiKTeX 2.9\tex/latex/base\fontenc.sty"
Package: fontenc 2018/08/11 v2.0j Standard LaTeX package
("C:\Program Files\MiKTeX 2.9\tex/latex/base\t1enc.def"
File: t1enc.def 2018/08/11 v2.0j Standard LaTeX file
LaTeX Font Info:    Redeclaring font encoding T1 on input line 48.
)) ("C:\Program Files\MiKTeX 2.9\tex/latex/base\inputenc.sty"
Package: inputenc 2018/08/11 v1.3c Input encoding file
\inpenc@prehook=\toks20
\inpenc@posthook=\toks21
) (C:\Users\mschuemi\AppData\Roaming\MiKTeX\2.9\tex/latex/upquote\upquote.sty
Package: upquote 2012/04/19 v1.3 upright-quote and grave-accent glyphs in verba
tim
("C:\Program Files\MiKTeX 2.9\tex/latex/base\textcomp.sty"
Package: textcomp 2018/08/11 v2.0j Standard LaTeX package
Package textcomp Info: Sub-encoding information:
(textcomp)               5 = only ISO-Adobe without \textcurrency
(textcomp)               4 = 5 + \texteuro
(textcomp)               3 = 4 + \textohm
(textcomp)               2 = 3 + \textestimated + \textcurrency
(textcomp)               1 = TS1 - \textcircled - \t
(textcomp)               0 = TS1 (full)
(textcomp)             Font families with sub-encoding setting implement
(textcomp)             only a restricted character set as indicated.
(textcomp)             Family '?' is the default used for unknown fonts.
(textcomp)             See the documentation for details.
Package textcomp Info: Setting ? sub-encoding to TS1/1 on input line 79.
("C:\Program Files\MiKTeX 2.9\tex/latex/base\ts1enc.def"
File: ts1enc.def 2001/06/05 v3.0e (jk/car/fm) Standard LaTeX file
Now handling font encoding TS1 ...
... processing UTF-8 mapping file for font encoding TS1
("C:\Program Files\MiKTeX 2.9\tex/latex/base\ts1enc.dfu"
File: ts1enc.dfu 2018/10/05 v1.2f UTF-8 support for inputenc
   defining Unicode char U+00A2 (decimal 162)
   defining Unicode char U+00A3 (decimal 163)
   defining Unicode char U+00A4 (decimal 164)
   defining Unicode char U+00A5 (decimal 165)
   defining Unicode char U+00A6 (decimal 166)
   defining Unicode char U+00A7 (decimal 167)
   defining Unicode char U+00A8 (decimal 168)
   defining Unicode char U+00A9 (decimal 169)
   defining Unicode char U+00AA (decimal 170)
   defining Unicode char U+00AC (decimal 172)
   defining Unicode char U+00AE (decimal 174)
   defining Unicode char U+00AF (decimal 175)
   defining Unicode char U+00B0 (decimal 176)
   defining Unicode char U+00B1 (decimal 177)
   defining Unicode char U+00B2 (decimal 178)
   defining Unicode char U+00B3 (decimal 179)
   defining Unicode char U+00B4 (decimal 180)
   defining Unicode char U+00B5 (decimal 181)
   defining Unicode char U+00B6 (decimal 182)
   defining Unicode char U+00B7 (decimal 183)
   defining Unicode char U+00B9 (decimal 185)
   defining Unicode char U+00BA (decimal 186)
   defining Unicode char U+00BC (decimal 188)
   defining Unicode char U+00BD (decimal 189)
   defining Unicode char U+00BE (decimal 190)
   defining Unicode char U+00D7 (decimal 215)
   defining Unicode char U+00F7 (decimal 247)
   defining Unicode char U+0192 (decimal 402)
   defining Unicode char U+02C7 (decimal 711)
   defining Unicode char U+02D8 (decimal 728)
   defining Unicode char U+02DD (decimal 733)
   defining Unicode char U+0E3F (decimal 3647)
   defining Unicode char U+2016 (decimal 8214)
   defining Unicode char U+2020 (decimal 8224)
   defining Unicode char U+2021 (decimal 8225)
   defining Unicode char U+2022 (decimal 8226)
   defining Unicode char U+2030 (decimal 8240)
   defining Unicode char U+2031 (decimal 8241)
   defining Unicode char U+203B (decimal 8251)
   defining Unicode char U+203D (decimal 8253)
   defining Unicode char U+2044 (decimal 8260)
   defining Unicode char U+204E (decimal 8270)
   defining Unicode char U+2052 (decimal 8274)
   defining Unicode char U+20A1 (decimal 8353)
   defining Unicode char U+20A4 (decimal 8356)
   defining Unicode char U+20A6 (decimal 8358)
   defining Unicode char U+20A9 (decimal 8361)
   defining Unicode char U+20AB (decimal 8363)
   defining Unicode char U+20AC (decimal 8364)
   defining Unicode char U+20B1 (decimal 8369)
   defining Unicode char U+2103 (decimal 8451)
   defining Unicode char U+2116 (decimal 8470)
   defining Unicode char U+2117 (decimal 8471)
   defining Unicode char U+211E (decimal 8478)
   defining Unicode char U+2120 (decimal 8480)
   defining Unicode char U+2122 (decimal 8482)
   defining Unicode char U+2126 (decimal 8486)
   defining Unicode char U+2127 (decimal 8487)
   defining Unicode char U+212E (decimal 8494)
   defining Unicode char U+2190 (decimal 8592)
   defining Unicode char U+2191 (decimal 8593)
   defining Unicode char U+2192 (decimal 8594)
   defining Unicode char U+2193 (decimal 8595)
   defining Unicode char U+2329 (decimal 9001)
   defining Unicode char U+232A (decimal 9002)
   defining Unicode char U+2422 (decimal 9250)
   defining Unicode char U+25E6 (decimal 9702)
   defining Unicode char U+25EF (decimal 9711)
   defining Unicode char U+266A (decimal 9834)
   defining Unicode char U+FEFF (decimal 65279)
))
LaTeX Info: Redefining \oldstylenums on input line 334.
Package textcomp Info: Setting cmr sub-encoding to TS1/0 on input line 349.
Package textcomp Info: Setting cmss sub-encoding to TS1/0 on input line 350.
Package textcomp Info: Setting cmtt sub-encoding to TS1/0 on input line 351.
Package textcomp Info: Setting cmvtt sub-encoding to TS1/0 on input line 352.
Package textcomp Info: Setting cmbr sub-encoding to TS1/0 on input line 353.
Package textcomp Info: Setting cmtl sub-encoding to TS1/0 on input line 354.
Package textcomp Info: Setting ccr sub-encoding to TS1/0 on input line 355.
Package textcomp Info: Setting ptm sub-encoding to TS1/4 on input line 356.
Package textcomp Info: Setting pcr sub-encoding to TS1/4 on input line 357.
Package textcomp Info: Setting phv sub-encoding to TS1/4 on input line 358.
Package textcomp Info: Setting ppl sub-encoding to TS1/3 on input line 359.
Package textcomp Info: Setting pag sub-encoding to TS1/4 on input line 360.
Package textcomp Info: Setting pbk sub-encoding to TS1/4 on input line 361.
Package textcomp Info: Setting pnc sub-encoding to TS1/4 on input line 362.
Package textcomp Info: Setting pzc sub-encoding to TS1/4 on input line 363.
Package textcomp Info: Setting bch sub-encoding to TS1/4 on input line 364.
Package textcomp Info: Setting put sub-encoding to TS1/5 on input line 365.
Package textcomp Info: Setting uag sub-encoding to TS1/5 on input line 366.
Package textcomp Info: Setting ugq sub-encoding to TS1/5 on input line 367.
Package textcomp Info: Setting ul8 sub-encoding to TS1/4 on input line 368.
Package textcomp Info: Setting ul9 sub-encoding to TS1/4 on input line 369.
Package textcomp Info: Setting augie sub-encoding to TS1/5 on input line 370.
Package textcomp Info: Setting dayrom sub-encoding to TS1/3 on input line 371.
Package textcomp Info: Setting dayroms sub-encoding to TS1/3 on input line 372.

Package textcomp Info: Setting pxr sub-encoding to TS1/0 on input line 373.
Package textcomp Info: Setting pxss sub-encoding to TS1/0 on input line 374.
Package textcomp Info: Setting pxtt sub-encoding to TS1/0 on input line 375.
Package textcomp Info: Setting txr sub-encoding to TS1/0 on input line 376.
Package textcomp Info: Setting txss sub-encoding to TS1/0 on input line 377.
Package textcomp Info: Setting txtt sub-encoding to TS1/0 on input line 378.
Package textcomp Info: Setting lmr sub-encoding to TS1/0 on input line 379.
Package textcomp Info: Setting lmdh sub-encoding to TS1/0 on input line 380.
Package textcomp Info: Setting lmss sub-encoding to TS1/0 on input line 381.
Package textcomp Info: Setting lmssq sub-encoding to TS1/0 on input line 382.
Package textcomp Info: Setting lmvtt sub-encoding to TS1/0 on input line 383.
Package textcomp Info: Setting lmtt sub-encoding to TS1/0 on input line 384.
Package textcomp Info: Setting qhv sub-encoding to TS1/0 on input line 385.
Package textcomp Info: Setting qag sub-encoding to TS1/0 on input line 386.
Package textcomp Info: Setting qbk sub-encoding to TS1/0 on input line 387.
Package textcomp Info: Setting qcr sub-encoding to TS1/0 on input line 388.
Package textcomp Info: Setting qcs sub-encoding to TS1/0 on input line 389.
Package textcomp Info: Setting qpl sub-encoding to TS1/0 on input line 390.
Package textcomp Info: Setting qtm sub-encoding to TS1/0 on input line 391.
Package textcomp Info: Setting qzc sub-encoding to TS1/0 on input line 392.
Package textcomp Info: Setting qhvc sub-encoding to TS1/0 on input line 393.
Package textcomp Info: Setting futs sub-encoding to TS1/4 on input line 394.
Package textcomp Info: Setting futx sub-encoding to TS1/4 on input line 395.
Package textcomp Info: Setting futj sub-encoding to TS1/4 on input line 396.
Package textcomp Info: Setting hlh sub-encoding to TS1/3 on input line 397.
Package textcomp Info: Setting hls sub-encoding to TS1/3 on input line 398.
Package textcomp Info: Setting hlst sub-encoding to TS1/3 on input line 399.
Package textcomp Info: Setting hlct sub-encoding to TS1/5 on input line 400.
Package textcomp Info: Setting hlx sub-encoding to TS1/5 on input line 401.
Package textcomp Info: Setting hlce sub-encoding to TS1/5 on input line 402.
Package textcomp Info: Setting hlcn sub-encoding to TS1/5 on input line 403.
Package textcomp Info: Setting hlcw sub-encoding to TS1/5 on input line 404.
Package textcomp Info: Setting hlcf sub-encoding to TS1/5 on input line 405.
Package textcomp Info: Setting pplx sub-encoding to TS1/3 on input line 406.
Package textcomp Info: Setting pplj sub-encoding to TS1/3 on input line 407.
Package textcomp Info: Setting ptmx sub-encoding to TS1/4 on input line 408.
Package textcomp Info: Setting ptmj sub-encoding to TS1/4 on input line 409.
))
(C:\Users\mschuemi\AppData\Roaming\MiKTeX\2.9\tex/latex/microtype\microtype.sty
Package: microtype 2019/02/28 v2.7b Micro-typographical refinements (RS)
("C:\Program Files\MiKTeX 2.9\tex/latex/graphics\keyval.sty"
Package: keyval 2014/10/28 v1.15 key=value parser (DPC)
\KV@toks@=\toks22
)
\MT@toks=\toks23
\MT@count=\count100
LaTeX Info: Redefining \textls on input line 790.
\MT@outer@kern=\dimen112
LaTeX Info: Redefining \textmicrotypecontext on input line 1336.
\MT@listname@count=\count101

(C:\Users\mschuemi\AppData\Roaming\MiKTeX\2.9\tex/latex/microtype\microtype-pdf
tex.def
File: microtype-pdftex.def 2019/02/28 v2.7b Definitions specific to pdftex (RS)

LaTeX Info: Redefining \lsstyle on input line 914.
LaTeX Info: Redefining \lslig on input line 914.
\MT@outer@space=\skip46
)
Package microtype Info: Loading configuration file microtype.cfg.

(C:\Users\mschuemi\AppData\Roaming\MiKTeX\2.9\tex/latex/microtype\microtype.cfg
File: microtype.cfg 2019/02/28 v2.7b microtype main configuration file (RS)
)) ("C:\Program Files\MiKTeX 2.9\tex/latex/geometry\geometry.sty"
Package: geometry 2018/04/16 v5.8 Page Geometry
("C:\Program Files\MiKTeX 2.9\tex/generic/oberdiek\ifpdf.sty"
Package: ifpdf 2018/09/07 v3.3 Provides the ifpdf switch
) ("C:\Program Files\MiKTeX 2.9\tex/generic/oberdiek\ifvtex.sty"
Package: ifvtex 2016/05/16 v1.6 Detect VTeX and its facilities (HO)
Package ifvtex Info: VTeX not detected.
)
\Gm@cnth=\count102
\Gm@cntv=\count103
\c@Gm@tempcnt=\count104
\Gm@bindingoffset=\dimen113
\Gm@wd@mp=\dimen114
\Gm@odd@mp=\dimen115
\Gm@even@mp=\dimen116
\Gm@layoutwidth=\dimen117
\Gm@layoutheight=\dimen118
\Gm@layouthoffset=\dimen119
\Gm@layoutvoffset=\dimen120
\Gm@dimlist=\toks24
("C:\Program Files\MiKTeX 2.9\tex/latex/geometry\geometry.cfg")) ("C:\Program F
iles\MiKTeX 2.9\tex/latex/hyperref\hyperref.sty"
Package: hyperref 2018/11/30 v6.88e Hypertext links for LaTeX
("C:\Program Files\MiKTeX 2.9\tex/generic/oberdiek\hobsub-hyperref.sty"
Package: hobsub-hyperref 2016/05/16 v1.14 Bundle oberdiek, subset hyperref (HO)

("C:\Program Files\MiKTeX 2.9\tex/generic/oberdiek\hobsub-generic.sty"
Package: hobsub-generic 2016/05/16 v1.14 Bundle oberdiek, subset generic (HO)
Package: hobsub 2016/05/16 v1.14 Construct package bundles (HO)
Package: infwarerr 2016/05/16 v1.4 Providing info/warning/error messages (HO)
Package: ltxcmds 2016/05/16 v1.23 LaTeX kernel commands for general use (HO)
Package hobsub Info: Skipping package `ifluatex' (already loaded).
Package hobsub Info: Skipping package `ifvtex' (already loaded).
Package: intcalc 2016/05/16 v1.2 Expandable calculations with integers (HO)
Package hobsub Info: Skipping package `ifpdf' (already loaded).
Package: etexcmds 2016/05/16 v1.6 Avoid name clashes with e-TeX commands (HO)
Package: kvsetkeys 2016/05/16 v1.17 Key value parser (HO)
Package: kvdefinekeys 2016/05/16 v1.4 Define keys (HO)
Package: pdftexcmds 2018/09/10 v0.29 Utility functions of pdfTeX for LuaTeX (HO
)
Package pdftexcmds Info: LuaTeX not detected.
Package pdftexcmds Info: \pdf@primitive is available.
Package pdftexcmds Info: \pdf@ifprimitive is available.
Package pdftexcmds Info: \pdfdraftmode found.
Package: pdfescape 2016/05/16 v1.14 Implements pdfTeX's escape features (HO)
Package: bigintcalc 2016/05/16 v1.4 Expandable calculations on big integers (HO
)
Package: bitset 2016/05/16 v1.2 Handle bit-vector datatype (HO)
Package: uniquecounter 2016/05/16 v1.3 Provide unlimited unique counter (HO)
)
Package hobsub Info: Skipping package `hobsub' (already loaded).
Package: letltxmacro 2016/05/16 v1.5 Let assignment for LaTeX macros (HO)
Package: hopatch 2016/05/16 v1.3 Wrapper for package hooks (HO)
Package: xcolor-patch 2016/05/16 xcolor patch
Package: atveryend 2016/05/16 v1.9 Hooks at the very end of document (HO)
Package atveryend Info: \enddocument detected (standard20110627).
Package: atbegshi 2016/06/09 v1.18 At begin shipout hook (HO)
Package: refcount 2016/05/16 v3.5 Data extraction from label references (HO)
Package: hycolor 2016/05/16 v1.8 Color options for hyperref/bookmark (HO)
) ("C:\Program Files\MiKTeX 2.9\tex/latex/oberdiek\auxhook.sty"
Package: auxhook 2016/05/16 v1.4 Hooks for auxiliary files (HO)
) ("C:\Program Files\MiKTeX 2.9\tex/latex/oberdiek\kvoptions.sty"
Package: kvoptions 2016/05/16 v3.12 Key value format for package options (HO)
)
\@linkdim=\dimen121
\Hy@linkcounter=\count105
\Hy@pagecounter=\count106
("C:\Program Files\MiKTeX 2.9\tex/latex/hyperref\pd1enc.def"
File: pd1enc.def 2018/11/30 v6.88e Hyperref: PDFDocEncoding definition (HO)
Now handling font encoding PD1 ...
... no UTF-8 mapping file for font encoding PD1
)
\Hy@SavedSpaceFactor=\count107
("C:\Program Files\MiKTeX 2.9\tex/latex/00miktex\hyperref.cfg"
File: hyperref.cfg 2002/06/06 v1.2 hyperref configuration of TeXLive
)
Package hyperref Info: Hyper figures OFF on input line 4519.
Package hyperref Info: Link nesting OFF on input line 4524.
Package hyperref Info: Hyper index ON on input line 4527.
Package hyperref Info: Plain pages OFF on input line 4534.
Package hyperref Info: Backreferencing OFF on input line 4539.
Package hyperref Info: Implicit mode ON; LaTeX internals redefined.
Package hyperref Info: Bookmarks ON on input line 4772.
\c@Hy@tempcnt=\count108
(C:\Users\mschuemi\AppData\Roaming\MiKTeX\2.9\tex/latex/url\url.sty
\Urlmuskip=\muskip11
Package: url 2013/09/16  ver 3.4  Verb mode for urls, etc.
)
LaTeX Info: Redefining \url on input line 5125.
\XeTeXLinkMargin=\dimen122
\Fld@menulength=\count109
\Field@Width=\dimen123
\Fld@charsize=\dimen124
Package hyperref Info: Hyper figures OFF on input line 6380.
Package hyperref Info: Link nesting OFF on input line 6385.
Package hyperref Info: Hyper index ON on input line 6388.
Package hyperref Info: backreferencing OFF on input line 6395.
Package hyperref Info: Link coloring OFF on input line 6400.
Package hyperref Info: Link coloring with OCG OFF on input line 6405.
Package hyperref Info: PDF/A mode OFF on input line 6410.
LaTeX Info: Redefining \ref on input line 6450.
LaTeX Info: Redefining \pageref on input line 6454.
\Hy@abspage=\count110
\c@Item=\count111
\c@Hfootnote=\count112
)
Package hyperref Info: Driver (autodetected): hpdftex.
("C:\Program Files\MiKTeX 2.9\tex/latex/hyperref\hpdftex.def"
File: hpdftex.def 2018/11/30 v6.88e Hyperref driver for pdfTeX
\Fld@listcount=\count113
\c@bookmark@seq@number=\count114
("C:\Program Files\MiKTeX 2.9\tex/latex/oberdiek\rerunfilecheck.sty"
Package: rerunfilecheck 2016/05/16 v1.8 Rerun checks for auxiliary files (HO)
Package uniquecounter Info: New unique counter `rerunfilecheck' on input line 2
82.
)
\Hy@SectionHShift=\skip47
)
Package hyperref Info: Option `unicode' set `true' on input line 30.
("C:\Program Files\MiKTeX 2.9\tex/latex/hyperref\puenc.def"
File: puenc.def 2018/11/30 v6.88e Hyperref: PDF Unicode definition (HO)
Now handling font encoding PU ...
... no UTF-8 mapping file for font encoding PU
)
Package hyperref Info: Option `breaklinks' set `true' on input line 30.
("C:\Program Files\MiKTeX 2.9\tex/latex/graphics\color.sty"
Package: color 2016/07/10 v1.1e Standard LaTeX Color (DPC)
("C:\Program Files\MiKTeX 2.9\tex/latex/graphics-cfg\color.cfg"
File: color.cfg 2016/01/02 v1.6 sample color configuration
)
Package color Info: Driver file: pdftex.def on input line 147.
("C:\Program Files\MiKTeX 2.9\tex/latex/graphics-def\pdftex.def"
File: pdftex.def 2018/01/08 v1.0l Graphics/color driver for pdftex
)) (C:\Users\mschuemi\AppData\Roaming\MiKTeX\2.9\tex/latex/fancyvrb\fancyvrb.st
y
Package: fancyvrb 2019/01/15
Style option: `fancyvrb' v3.2a <2019/01/15> (tvz)
\FV@CodeLineNo=\count115
\FV@InFile=\read1
\FV@TabBox=\box29
\c@FancyVerbLine=\count116
\FV@StepNumber=\count117
\FV@OutFile=\write3
) (C:\Users\mschuemi\AppData\Roaming\MiKTeX\2.9\tex/latex/framed\framed.sty
Package: framed 2011/10/22 v 0.96: framed or shaded text with page breaks
\OuterFrameSep=\skip48
\fb@frw=\dimen125
\fb@frh=\dimen126
\FrameRule=\dimen127
\FrameSep=\dimen128
) ("C:\Program Files\MiKTeX 2.9\tex/latex/graphics\graphicx.sty"
Package: graphicx 2017/06/01 v1.1a Enhanced LaTeX Graphics (DPC,SPQR)
("C:\Program Files\MiKTeX 2.9\tex/latex/graphics\graphics.sty"
Package: graphics 2017/06/25 v1.2c Standard LaTeX Graphics (DPC,SPQR)
("C:\Program Files\MiKTeX 2.9\tex/latex/graphics\trig.sty"
Package: trig 2016/01/03 v1.10 sin cos tan (DPC)
) ("C:\Program Files\MiKTeX 2.9\tex/latex/graphics-cfg\graphics.cfg"
File: graphics.cfg 2016/06/04 v1.11 sample graphics configuration
)
Package graphics Info: Driver file: pdftex.def on input line 99.
)
\Gin@req@height=\dimen129
\Gin@req@width=\dimen130
) ("C:\Program Files\MiKTeX 2.9\tex/latex/oberdiek\grffile.sty"
Package: grffile 2017/06/30 v1.18 Extended file name support for graphics (HO)
Package grffile Info: Option `multidot' is set to `true'.
Package grffile Info: Option `extendedchars' is set to `false'.
Package grffile Info: Option `space' is set to `true'.
Package grffile Info: \Gin@ii of package `graphicx' fixed on input line 494.
) (C:\Users\mschuemi\AppData\Roaming\MiKTeX\2.9\tex/latex/parskip\parskip.sty
Package: parskip 2019-01-16 v2.0c non-zero parskip adjustments
(C:\Users\mschuemi\AppData\Roaming\MiKTeX\2.9\tex/latex/etoolbox\etoolbox.sty
Package: etoolbox 2018/08/19 v2.5f e-TeX tools for LaTeX (JAW)
\etb@tempcnta=\count118
)) (C:\Users\mschuemi\AppData\Roaming\MiKTeX\2.9\tex/latex/titling\titling.sty
Package: titling 2009/09/04 v2.1d maketitle typesetting
\thanksmarkwidth=\skip49
\thanksmargin=\skip50
\droptitle=\skip51
) (C:\Users\mschuemi\AppData\Roaming\MiKTeX\2.9\tex/latex/cjk-ko\kotex.sty
Package: kotex 2015/04/19 v1.6 Korean TeX (ko.TeX)
(C:\Users\mschuemi\AppData\Roaming\MiKTeX\2.9\tex/latex/kotex-utf\kotex.cfg) (C
:\Users\mschuemi\AppData\Roaming\MiKTeX\2.9\tex/latex/kotex-utf\kotexutf.sty
Package: kotexutf 2015/07/18 v2.1.1 typesetting UTF-8 Korean documents

(C:\Users\mschuemi\AppData\Roaming\MiKTeX\2.9\tex/plain/kotex-plain\kotexutf-co
re.tex
\unih@ngulpoint=\count119
\dhucs@emph@raise=\dimen131
)
Now handling font encoding LUC ...
... processing UTF-8 mapping file for font encoding LUC
(C:\Users\mschuemi\AppData\Roaming\MiKTeX\2.9\tex/latex/kotex-utf\lucenc.dfu
File: lucenc.dfu 2007/09/05 UTF-8 support for dhucs
   defining Unicode char U+00B7 (decimal 183)
   defining Unicode char U+2018 (decimal 8216)
   defining Unicode char U+2019 (decimal 8217)
   defining Unicode char U+201C (decimal 8220)
   defining Unicode char U+201D (decimal 8221)
   defining Unicode char U+3001 (decimal 12289)
   defining Unicode char U+3002 (decimal 12290)
   defining Unicode char U+3008 (decimal 12296)
   defining Unicode char U+3009 (decimal 12297)
   defining Unicode char U+300A (decimal 12298)
   defining Unicode char U+300B (decimal 12299)
   defining Unicode char U+300C (decimal 12300)
   defining Unicode char U+300D (decimal 12301)
   defining Unicode char U+300E (decimal 12302)
   defining Unicode char U+300F (decimal 12303)
   defining Unicode char U+3010 (decimal 12304)
   defining Unicode char U+3011 (decimal 12305)
   defining Unicode char U+3014 (decimal 12308)
   defining Unicode char U+3015 (decimal 12309)
   defining Unicode char U+3016 (decimal 12310)
   defining Unicode char U+3017 (decimal 12311)
   defining Unicode char U+3018 (decimal 12312)
   defining Unicode char U+3019 (decimal 12313)
   defining Unicode char U+301A (decimal 12314)
   defining Unicode char U+301B (decimal 12315)
   defining Unicode char U+FF01 (decimal 65281)
   defining Unicode char U+FF08 (decimal 65288)
   defining Unicode char U+FF09 (decimal 65289)
   defining Unicode char U+FF0C (decimal 65292)
   defining Unicode char U+FF0E (decimal 65294)
   defining Unicode char U+FF1A (decimal 65306)
   defining Unicode char U+FF1B (decimal 65307)
   defining Unicode char U+FF1C (decimal 65308)
   defining Unicode char U+FF1D (decimal 65309)
   defining Unicode char U+FF1E (decimal 65310)
   defining Unicode char U+FF1F (decimal 65311)
   defining Unicode char U+FF3B (decimal 65339)
   defining Unicode char U+FF3D (decimal 65341)
   defining Unicode char U+FF5B (decimal 65371)
   defining Unicode char U+FF5D (decimal 65373)
   defining Unicode char U+FF61 (decimal 65377)
   defining Unicode char U+FF62 (decimal 65378)
   defining Unicode char U+FF63 (decimal 65379)
   defining Unicode char U+FF64 (decimal 65380)
   defining Unicode char U+FF65 (decimal 65381)
)
\@josa=\count120
\josatoks=\toks25

(C:\Users\mschuemi\AppData\Roaming\MiKTeX\2.9\tex/latex/cjk-ko\kolabels-utf.sty
Package: kolabels-utf 2015/03/20 v1.5 UTF-8 Hangul item labels
))) (UsingFeatureExtractionKorean.aux)
\openout1 = `UsingFeatureExtractionKorean.aux'.

LaTeX Font Info:    Checking defaults for OML/cmm/m/it on input line 129.
LaTeX Font Info:    ... okay on input line 129.
LaTeX Font Info:    Checking defaults for T1/cmr/m/n on input line 129.
LaTeX Font Info:    ... okay on input line 129.
LaTeX Font Info:    Checking defaults for OT1/cmr/m/n on input line 129.
LaTeX Font Info:    ... okay on input line 129.
LaTeX Font Info:    Checking defaults for OMS/cmsy/m/n on input line 129.
LaTeX Font Info:    ... okay on input line 129.
LaTeX Font Info:    Checking defaults for OMX/cmex/m/n on input line 129.
LaTeX Font Info:    ... okay on input line 129.
LaTeX Font Info:    Checking defaults for U/cmr/m/n on input line 129.
LaTeX Font Info:    ... okay on input line 129.
LaTeX Font Info:    Checking defaults for TS1/cmr/m/n on input line 129.
LaTeX Font Info:    Try loading font information for TS1+cmr on input line 129.

("C:\Program Files\MiKTeX 2.9\tex/latex/base\ts1cmr.fd"
File: ts1cmr.fd 2014/09/29 v2.5h Standard LaTeX font definitions
)
LaTeX Font Info:    ... okay on input line 129.
LaTeX Font Info:    Checking defaults for PD1/pdf/m/n on input line 129.
LaTeX Font Info:    ... okay on input line 129.
LaTeX Font Info:    Checking defaults for PU/pdf/m/n on input line 129.
LaTeX Font Info:    ... okay on input line 129.
LaTeX Font Info:    Checking defaults for LUC/nanummj/m/n on input line 129.
LaTeX Font Info:    Try loading font information for LUC+nanummj on input line 
129.

(C:\Users\mschuemi\AppData\Roaming\MiKTeX\2.9\tex/latex/nanumtype1\lucnanummj.f
d
File: lucnanummj.fd 2013/02/12 v0.1 Nanum Myeongjo font definitions
)
LaTeX Font Info:    ... okay on input line 129.
LaTeX Font Info:    Try loading font information for T1+lmr on input line 129.
("C:\Program Files\MiKTeX 2.9\tex/latex/lm\t1lmr.fd"
File: t1lmr.fd 2009/10/30 v1.6 Font defs for Latin Modern
)

Package microtype Warning: Command \pickup@font is not defined as expected.
(microtype)                Patching it anyway. Some things may break.
(microtype)                Double-check whether micro-typography is indeed
(microtype)                applied to the document.
(microtype)                (Hint: Turn on `verbose' mode).

LaTeX Info: Redefining \microtypecontext on input line 129.
Package microtype Info: Generating PDF output.
Package microtype Info: Character protrusion enabled (level 2).
Package microtype Info: Using protrusion set `basicmath'.
Package microtype Info: Automatic font expansion enabled (level 2),
(microtype)             stretch: 20, shrink: 20, step: 1, non-selected.
Package microtype Info: Using default expansion set `basictext'.
Package microtype Info: No adjustment of tracking.
Package microtype Info: No adjustment of interword spacing.
Package microtype Info: No adjustment of character kerning.
(C:\Users\mschuemi\AppData\Roaming\MiKTeX\2.9\tex/latex/microtype\mt-cmr.cfg
File: mt-cmr.cfg 2013/05/19 v2.2 microtype config. file: Computer Modern Roman 
(RS)
)
*geometry* driver: auto-detecting
*geometry* detected driver: pdftex
*geometry* verbose mode - [ preamble ] result:
* driver: pdftex
* paper: <default>
* layout: <same size as paper>
* layoutoffset:(h,v)=(0.0pt,0.0pt)
* modes: 
* h-part:(L,W,R)=(72.26999pt, 469.75502pt, 72.26999pt)
* v-part:(T,H,B)=(72.26999pt, 650.43001pt, 72.26999pt)
* \paperwidth=614.295pt
* \paperheight=794.96999pt
* \textwidth=469.75502pt
* \textheight=650.43001pt
* \oddsidemargin=0.0pt
* \evensidemargin=0.0pt
* \topmargin=-37.0pt
* \headheight=12.0pt
* \headsep=25.0pt
* \topskip=10.0pt
* \footskip=30.0pt
* \marginparwidth=65.0pt
* \marginparsep=11.0pt
* \columnsep=10.0pt
* \skip\footins=9.0pt plus 4.0pt minus 2.0pt
* \hoffset=0.0pt
* \voffset=0.0pt
* \mag=1000
* \@twocolumnfalse
* \@twosidefalse
* \@mparswitchfalse
* \@reversemarginfalse
* (1in=72.27pt=25.4mm, 1cm=28.453pt)

\AtBeginShipoutBox=\box30
Package hyperref Info: Link coloring OFF on input line 129.
("C:\Program Files\MiKTeX 2.9\tex/latex/hyperref\nameref.sty"
Package: nameref 2016/05/21 v2.44 Cross-referencing by name of section
("C:\Program Files\MiKTeX 2.9\tex/generic/oberdiek\gettitlestring.sty"
Package: gettitlestring 2016/05/16 v1.5 Cleanup title references (HO)
)
\c@section@level=\count121
)
LaTeX Info: Redefining \ref on input line 129.
LaTeX Info: Redefining \pageref on input line 129.
LaTeX Info: Redefining \nameref on input line 129.
(UsingFeatureExtractionKorean.out) (UsingFeatureExtractionKorean.out)
\@outlinefile=\write4
\openout4 = `UsingFeatureExtractionKorean.out'.


(C:\Users\mschuemi\AppData\Roaming\MiKTeX\2.9\tex/context/base/mkii\supp-pdf.mk
ii
[Loading MPS to PDF converter (version 2006.09.02).]
\scratchcounter=\count122
\scratchdimen=\dimen132
\scratchbox=\box31
\nofMPsegments=\count123
\nofMParguments=\count124
\everyMPshowfont=\toks26
\MPscratchCnt=\count125
\MPscratchDim=\dimen133
\MPnumerator=\count126
\makeMPintoPDFobject=\count127
\everyMPtoPDFconversion=\toks27
) ("C:\Program Files\MiKTeX 2.9\tex/latex/oberdiek\epstopdf-base.sty"
Package: epstopdf-base 2016/05/15 v2.6 Base part for package epstopdf
("C:\Program Files\MiKTeX 2.9\tex/latex/oberdiek\grfext.sty"
Package: grfext 2016/05/16 v1.2 Manage graphics extensions (HO)
)
Package epstopdf-base Info: Redefining graphics rule for `.eps' on input line 4
38.
Package grfext Info: Graphics extension search list:
(grfext)             [.pdf,.png,.jpg,.mps,.jpeg,.jbig2,.jb2,.PDF,.PNG,.JPG,.JPE
G,.JBIG2,.JB2,.eps]
(grfext)             \AppendGraphicsExtensions on input line 456.
)
LaTeX Font Info:    Try loading font information for T1+lmtt on input line 196.

("C:\Program Files\MiKTeX 2.9\tex/latex/lm\t1lmtt.fd"
File: t1lmtt.fd 2009/10/30 v1.6 Font defs for Latin Modern
)
LaTeX Font Info:    Font shape `T1/lmtt/bx/n' in size <10> not available
(Font)              Font shape `T1/lmtt/b/n' tried instead on input line 197.
[1

{C:/Users/mschuemi/AppData/Local/MiKTeX/2.9/pdftex/config/pdftex.map}]
LaTeX Font Info:    Try loading font information for TS1+lmr on input line 246.

("C:\Program Files\MiKTeX 2.9\tex/latex/lm\ts1lmr.fd"
File: ts1lmr.fd 2009/10/30 v1.6 Font defs for Latin Modern
) [2]
Overfull \hbox (128.74324pt too wide) in paragraph at lines 360--360
[]\T1/lmtt/m/n/10 ## [1] "One covariate per condition in the condition_era tabl
e overlapping with any part of the long term window."[] 
 []

[3] [4]
LaTeX Font Info:    Try loading font information for TS1+lmtt on input line 504
.
("C:\Program Files\MiKTeX 2.9\tex/latex/lm\ts1lmtt.fd"
File: ts1lmtt.fd 2009/10/30 v1.6 Font defs for Latin Modern
)
Overfull \vbox (0.87766pt too high) detected at line 526
 []

[5] [6]
Overfull \hbox (380.74251pt too wide) in paragraph at lines 640--640
[]\T1/lmtt/m/n/10 ##                PhysicalName VirtualVmode PhysicalVmode  As
Is VirtualIsMatrix PhysicalIsMatrix PhysicalElementNo PhysicalFirstCol Physical
LastCol PhysicalIsOpen[] 
 []


Overfull \hbox (380.74251pt too wide) in paragraph at lines 640--640
[]\T1/lmtt/m/n/10 ## rowId                 rowId      integer       integer FAL
SE           FALSE            FALSE                 3                1         
      1           TRUE[] 
 []


Overfull \hbox (380.74251pt too wide) in paragraph at lines 640--640
[]\T1/lmtt/m/n/10 ## covariateId        list...1       double        double FAL
SE           FALSE            FALSE                 1                1         
      1           TRUE[] 
 []


Overfull \hbox (380.74251pt too wide) in paragraph at lines 640--640
[]\T1/lmtt/m/n/10 ## covariateValue     list...2       double        double FAL
SE           FALSE            FALSE                 2                1         
      1           TRUE[] 
 []

[7] [8]
Overfull \hbox (370.24254pt too wide) in paragraph at lines 823--823
[]\T1/lmtt/m/n/10 ##              PhysicalName VirtualVmode PhysicalVmode  AsIs
 VirtualIsMatrix PhysicalIsMatrix PhysicalElementNo PhysicalFirstCol PhysicalLa
stCol PhysicalIsOpen[] 
 []


Overfull \hbox (370.24254pt too wide) in paragraph at lines 823--823
[]\T1/lmtt/m/n/10 ## covariateId        list..       double        double FALSE
           FALSE            FALSE                 1                1           
    1           TRUE[] 
 []


Overfull \hbox (370.24254pt too wide) in paragraph at lines 823--823
[]\T1/lmtt/m/n/10 ## sumValue         list...1       double        double FALSE
           FALSE            FALSE                 2                1           
    1           TRUE[] 
 []


Overfull \hbox (370.24254pt too wide) in paragraph at lines 823--823
[]\T1/lmtt/m/n/10 ## averageValue     list...2       double        double FALSE
           FALSE            FALSE                 3                1           
    1           TRUE[] 
 []


Overfull \hbox (396.49246pt too wide) in paragraph at lines 852--852
[]\T1/lmtt/m/n/10 ##                   PhysicalName VirtualVmode PhysicalVmode 
 AsIs VirtualIsMatrix PhysicalIsMatrix PhysicalElementNo PhysicalFirstCol Physi
calLastCol PhysicalIsOpen[] 
 []


Overfull \hbox (396.49246pt too wide) in paragraph at lines 852--852
[]\T1/lmtt/m/n/10 ## covariateId             list..       double        double 
FALSE           FALSE            FALSE                 1                1      
         1           TRUE[] 
 []


Overfull \hbox (396.49246pt too wide) in paragraph at lines 852--852
[]\T1/lmtt/m/n/10 ## countValue            list...1       double        double 
FALSE           FALSE            FALSE                 2                1      
         1           TRUE[] 
 []


Overfull \hbox (396.49246pt too wide) in paragraph at lines 852--852
[]\T1/lmtt/m/n/10 ## minValue              list...2       double        double 
FALSE           FALSE            FALSE                 3                1      
         1           TRUE[] 
 []


Overfull \hbox (396.49246pt too wide) in paragraph at lines 852--852
[]\T1/lmtt/m/n/10 ## maxValue              list...3       double        double 
FALSE           FALSE            FALSE                 4                1      
         1           TRUE[] 
 []

[9]
Overfull \hbox (396.49246pt too wide) in paragraph at lines 852--852
[]\T1/lmtt/m/n/10 ## averageValue          list...4       double        double 
FALSE           FALSE            FALSE                 5                1      
         1           TRUE[] 
 []


Overfull \hbox (396.49246pt too wide) in paragraph at lines 852--852
[]\T1/lmtt/m/n/10 ## standardDeviation     list...5       double        double 
FALSE           FALSE            FALSE                 6                1      
         1           TRUE[] 
 []


Overfull \hbox (396.49246pt too wide) in paragraph at lines 852--852
[]\T1/lmtt/m/n/10 ## medianValue           list...6       double        double 
FALSE           FALSE            FALSE                 7                1      
         1           TRUE[] 
 []


Overfull \hbox (396.49246pt too wide) in paragraph at lines 852--852
[]\T1/lmtt/m/n/10 ## p10Value              list...7       double        double 
FALSE           FALSE            FALSE                 8                1      
         1           TRUE[] 
 []


Overfull \hbox (396.49246pt too wide) in paragraph at lines 852--852
[]\T1/lmtt/m/n/10 ## p25Value              list...8       double        double 
FALSE           FALSE            FALSE                 9                1      
         1           TRUE[] 
 []


Overfull \hbox (396.49246pt too wide) in paragraph at lines 852--852
[]\T1/lmtt/m/n/10 ## p75Value              list...9       double        double 
FALSE           FALSE            FALSE                10                1      
         1           TRUE[] 
 []


Overfull \hbox (396.49246pt too wide) in paragraph at lines 852--852
[]\T1/lmtt/m/n/10 ## p90Value             list...10       double        double 
FALSE           FALSE            FALSE                11                1      
         1           TRUE[] 
 []


Overfull \hbox (328.24266pt too wide) in paragraph at lines 852--852
[]\T1/lmtt/m/n/10 ##    covariateId   countValue     minValue     maxValue aver
ageValue standardDeviation  medianValue     p10Value     p25Value     p75Value 
    p90Value[] 
 []


Overfull \hbox (328.24266pt too wide) in paragraph at lines 852--852
[]\T1/lmtt/m/n/10 ## 1  1901.000000 33013.000000     0.000000    21.000000     
2.321168          2.657008     1.000000     0.000000     0.000000     3.000000 
    6.000000[] 
 []


Overfull \hbox (328.24266pt too wide) in paragraph at lines 852--852
[]\T1/lmtt/m/n/10 ## 2  1904.000000 31301.000000     0.000000     6.000000     
1.307128          1.144543     1.000000     0.000000     0.000000     2.000000 
    3.000000[] 
 []


Overfull \hbox (328.24266pt too wide) in paragraph at lines 852--852
[]\T1/lmtt/m/n/10 ## 3  1902.000000 27951.000000     0.000000    13.000000     
2.646671          2.723938     1.000000     0.000000     0.000000     5.000000 
    7.000000[] 
 []


Overfull \hbox (328.24266pt too wide) in paragraph at lines 852--852
[]\T1/lmtt/m/n/10 ## 4  1903.000000 30898.000000     0.000000     5.000000     
1.234157          1.055174     1.000000     0.000000     0.000000     2.000000 
    3.000000[] 
 []


Overfull \hbox (3.64447pt too wide) in paragraph at lines 879--886
[]\T1/lmr/m/n/10 (-20) minValue,maxValue,averageValue,standardDeviation,medianV
alue,p10Value,p25Value,p75Value,p90Value
 []

[10]
Overfull \vbox (1.84673pt too high) detected at line 1044
 []

[11]
Overfull \hbox (5.70872pt too wide) in paragraph at lines 1150--1150
[] \T1/lmtt/m/n/5 Characteristic                             % (n = 47,293) % (
n = 240,761) Std.Diff Characteristic                                          %
 (n = 47,293) % (n = 240,761) Std.Diff[] 
 []


Overfull \hbox (5.71123pt too wide) in paragraph at lines 1150--1150
[]   \T1/lmtt/m/n/5 Depressive disorder                       34.4           29
.3           -0.06    Characteristic                                          V
alue          Value           Std.Diff[] 
 []

Package atveryend Info: Empty hook `BeforeClearDocument' on input line 1156.
[12]
Package atveryend Info: Empty hook `AfterLastShipout' on input line 1156.
(UsingFeatureExtractionKorean.aux)
Package atveryend Info: Executing hook `AtVeryEndDocument' on input line 1156.
Package atveryend Info: Executing hook `AtEndAfterFileList' on input line 1156.

Package rerunfilecheck Info: File `UsingFeatureExtractionKorean.out' has not ch
anged.
(rerunfilecheck)             Checksum: B3A38E8A418E0F731B2A56E11F00129B;2484.
Package atveryend Info: Empty hook `AtVeryVeryEnd' on input line 1156.
 ) 
Here is how much of TeX's memory you used:
 13428 strings out of 492895
 198119 string characters out of 3133470
 369250 words of memory out of 3000000
 17038 multiletter control sequences out of 15000+200000
 72141 words of font info for 146 fonts, out of 3000000 for 9000
 1141 hyphenation exceptions out of 8191
 32i,5n,38p,1003b,575s stack positions out of 5000i,500n,10000p,200000b,50000s
{C:/Program Files/MiKTeX 2.9/fonts/enc/dvips/lm/lm-ts1.enc}{C:/Program Files/
MiKTeX 2.9/fonts/enc/dvips/lm/lm-ec.enc}<C:/Program Files/MiKTeX 2.9/fonts/type
1/public/lm/lmbx10.pfb><C:/Program Files/MiKTeX 2.9/fonts/type1/public/lm/lmbx1
2.pfb><C:/Program Files/MiKTeX 2.9/fonts/type1/public/lm/lmr10.pfb><C:/Program 
Files/MiKTeX 2.9/fonts/type1/public/lm/lmr17.pfb><C:/Program Files/MiKTeX 2.9/f
onts/type1/public/lm/lmri12.pfb><C:/Program Files/MiKTeX 2.9/fonts/type1/public
/lm/lmtk10.pfb><C:/Program Files/MiKTeX 2.9/fonts/type1/public/lm/lmtt10.pfb><C
:/Program Files/MiKTeX 2.9/fonts/type1/public/lm/lmtt8.pfb><C:/Program Files/Mi
KTeX 2.9/fonts/type1/public/lm/lmtti10.pfb><C:/Users/mschuemi/AppData/Roaming/M
iKTeX/2.9/fonts/type1/public/nanumtype1/nanummjbac.pfb><C:/Users/mschuemi/AppDa
ta/Roaming/MiKTeX/2.9/fonts/type1/public/nanumtype1/nanummjbad.pfb><C:/Users/ms
chuemi/AppData/Roaming/MiKTeX/2.9/fonts/type1/public/nanumtype1/nanummjbae.pfb>
<C:/Users/mschuemi/AppData/Roaming/MiKTeX/2.9/fonts/type1/public/nanumtype1/nan
ummjbb2.pfb><C:/Users/mschuemi/AppData/Roaming/MiKTeX/2.9/fonts/type1/public/na
numtype1/nanummjbb3.pfb><C:/Users/mschuemi/AppData/Roaming/MiKTeX/2.9/fonts/typ
e1/public/nanumtype1/nanummjbb4.pfb><C:/Users/mschuemi/AppData/Roaming/MiKTeX/2
.9/fonts/type1/public/nanumtype1/nanummjbb7.pfb><C:/Users/mschuemi/AppData/Roam
ing/MiKTeX/2.9/fonts/type1/public/nanumtype1/nanummjbb8.pfb><C:/Users/mschuemi/
AppData/Roaming/MiKTeX/2.9/fonts/type1/public/nanumtype1/nanummjbb9.pfb><C:/Use
rs/mschuemi/AppData/Roaming/MiKTeX/2.9/fonts/type1/public/nanumtype1/nanummjbbc
.pfb><C:/Users/mschuemi/AppData/Roaming/MiKTeX/2.9/fonts/type1/public/nanumtype
1/nanummjbbd.pfb><C:/Users/mschuemi/AppData/Roaming/MiKTeX/2.9/fonts/type1/publ
ic/nanumtype1/nanummjbbe.pfb><C:/Users/mschuemi/AppData/Roaming/MiKTeX/2.9/font
s/type1/public/nanumtype1/nanummjbc0.pfb><C:/Users/mschuemi/AppData/Roaming/MiK
TeX/2.9/fonts/type1/public/nanumtype1/nanummjbc1.pfb><C:/Users/mschuemi/AppData
/Roaming/MiKTeX/2.9/fonts/type1/public/nanumtype1/nanummjbc2.pfb><C:/Users/msch
uemi/AppData/Roaming/MiKTeX/2.9/fonts/type1/public/nanumtype1/nanummjbc5.pfb><C
:/Users/mschuemi/AppData/Roaming/MiKTeX/2.9/fonts/type1/public/nanumtype1/nanum
mjbc6.pfb><C:/Users/mschuemi/AppData/Roaming/MiKTeX/2.9/fonts/type1/public/nanu
mtype1/nanummjbc7.pfb><C:/Users/mschuemi/AppData/Roaming/MiKTeX/2.9/fonts/type1
/public/nanumtype1/nanummjbc8.pfb><C:/Users/mschuemi/AppData/Roaming/MiKTeX/2.9
/fonts/type1/public/nanumtype1/nanummjbc9.pfb><C:/Users/mschuemi/AppData/Roamin
g/MiKTeX/2.9/fonts/type1/public/nanumtype1/nanummjbcd.pfb><C:/Users/mschuemi/Ap
pData/Roaming/MiKTeX/2.9/fonts/type1/public/nanumtype1/nanummjbcf.pfb><C:/Users
/mschuemi/AppData/Roaming/MiKTeX/2.9/fonts/type1/public/nanumtype1/nanummjbd1.p
fb><C:/Users/mschuemi/AppData/Roaming/MiKTeX/2.9/fonts/type1/public/nanumtype1/
nanummjbd2.pfb><C:/Users/mschuemi/AppData/Roaming/MiKTeX/2.9/fonts/type1/public
/nanumtype1/nanummjbd3.pfb><C:/Users/mschuemi/AppData/Roaming/MiKTeX/2.9/fonts/
type1/public/nanumtype1/nanummjbd5.pfb><C:/Users/mschuemi/AppData/Roaming/MiKTe
X/2.9/fonts/type1/public/nanumtype1/nanummjbd6.pfb><C:/Users/mschuemi/AppData/R
oaming/MiKTeX/2.9/fonts/type1/public/nanumtype1/nanummjmac.pfb><C:/Users/mschue
mi/AppData/Roaming/MiKTeX/2.9/fonts/type1/public/nanumtype1/nanummjmad.pfb><C:/
Users/mschuemi/AppData/Roaming/MiKTeX/2.9/fonts/type1/public/nanumtype1/nanummj
mae.pfb><C:/Users/mschuemi/AppData/Roaming/MiKTeX/2.9/fonts/type1/public/nanumt
ype1/nanummjmaf.pfb><C:/Users/mschuemi/AppData/Roaming/MiKTeX/2.9/fonts/type1/p
ublic/nanumtype1/nanummjmb0.pfb><C:/Users/mschuemi/AppData/Roaming/MiKTeX/2.9/f
onts/type1/public/nanumtype1/nanummjmb1.pfb><C:/Users/mschuemi/AppData/Roaming/
MiKTeX/2.9/fonts/type1/public/nanumtype1/nanummjmb2.pfb><C:/Users/mschuemi/AppD
ata/Roaming/MiKTeX/2.9/fonts/type1/public/nanumtype1/nanummjmb3.pfb><C:/Users/m
schuemi/AppData/Roaming/MiKTeX/2.9/fonts/type1/public/nanumtype1/nanummjmb4.pfb
><C:/Users/mschuemi/AppData/Roaming/MiKTeX/2.9/fonts/type1/public/nanumtype1/na
nummjmb5.pfb><C:/Users/mschuemi/AppData/Roaming/MiKTeX/2.9/fonts/type1/public/n
anumtype1/nanummjmb6.pfb><C:/Users/mschuemi/AppData/Roaming/MiKTeX/2.9/fonts/ty
pe1/public/nanumtype1/nanummjmb7.pfb><C:/Users/mschuemi/AppData/Roaming/MiKTeX/
2.9/fonts/type1/public/nanumtype1/nanummjmb8.pfb><C:/Users/mschuemi/AppData/Roa
ming/MiKTeX/2.9/fonts/type1/public/nanumtype1/nanummjmb9.pfb><C:/Users/mschuemi
/AppData/Roaming/MiKTeX/2.9/fonts/type1/public/nanumtype1/nanummjmba.pfb><C:/Us
ers/mschuemi/AppData/Roaming/MiKTeX/2.9/fonts/type1/public/nanumtype1/nanummjmb
b.pfb><C:/Users/mschuemi/AppData/Roaming/MiKTeX/2.9/fonts/type1/public/nanumtyp
e1/nanummjmbc.pfb><C:/Users/mschuemi/AppData/Roaming/MiKTeX/2.9/fonts/type1/pub
lic/nanumtype1/nanummjmbd.pfb><C:/Users/mschuemi/AppData/Roaming/MiKTeX/2.9/fon
ts/type1/public/nanumtype1/nanummjmbe.pfb><C:/Users/mschuemi/AppData/Roaming/Mi
KTeX/2.9/fonts/type1/public/nanumtype1/nanummjmc0.pfb><C:/Users/mschuemi/AppDat
a/Roaming/MiKTeX/2.9/fonts/type1/public/nanumtype1/nanummjmc1.pfb><C:/Users/msc
huemi/AppData/Roaming/MiKTeX/2.9/fonts/type1/public/nanumtype1/nanummjmc2.pfb><
C:/Users/mschuemi/AppData/Roaming/MiKTeX/2.9/fonts/type1/public/nanumtype1/nanu
mmjmc4.pfb><C:/Users/mschuemi/AppData/Roaming/MiKTeX/2.9/fonts/type1/public/nan
umtype1/nanummjmc5.pfb><C:/Users/mschuemi/AppData/Roaming/MiKTeX/2.9/fonts/type
1/public/nanumtype1/nanummjmc6.pfb><C:/Users/mschuemi/AppData/Roaming/MiKTeX/2.
9/fonts/type1/public/nanumtype1/nanummjmc7.pfb><C:/Users/mschuemi/AppData/Roami
ng/MiKTeX/2.9/fonts/type1/public/nanumtype1/nanummjmc8.pfb><C:/Users/mschuemi/A
ppData/Roaming/MiKTeX/2.9/fonts/type1/public/nanumtype1/nanummjmc9.pfb><C:/User
s/mschuemi/AppData/Roaming/MiKTeX/2.9/fonts/type1/public/nanumtype1/nanummjmcc.
pfb><C:/Users/mschuemi/AppData/Roaming/MiKTeX/2.9/fonts/type1/public/nanumtype1
/nanummjmcd.pfb><C:/Users/mschuemi/AppData/Roaming/MiKTeX/2.9/fonts/type1/publi
c/nanumtype1/nanummjmce.pfb><C:/Users/mschuemi/AppData/Roaming/MiKTeX/2.9/fonts
/type1/public/nanumtype1/nanummjmcf.pfb><C:/Users/mschuemi/AppData/Roaming/MiKT
eX/2.9/fonts/type1/public/nanumtype1/nanummjmd0.pfb><C:/Users/mschuemi/AppData/
Roaming/MiKTeX/2.9/fonts/type1/public/nanumtype1/nanummjmd1.pfb><C:/Users/mschu
emi/AppData/Roaming/MiKTeX/2.9/fonts/type1/public/nanumtype1/nanummjmd2.pfb><C:
/Users/mschuemi/AppData/Roaming/MiKTeX/2.9/fonts/type1/public/nanumtype1/nanumm
jmd3.pfb><C:/Users/mschuemi/AppData/Roaming/MiKTeX/2.9/fonts/type1/public/nanum
type1/nanummjmd4.pfb><C:/Users/mschuemi/AppData/Roaming/MiKTeX/2.9/fonts/type1/
public/nanumtype1/nanummjmd5.pfb><C:/Users/mschuemi/AppData/Roaming/MiKTeX/2.9/
fonts/type1/public/nanumtype1/nanummjmd6.pfb><C:/Users/mschuemi/AppData/Roaming
/MiKTeX/2.9/fonts/type1/public/nanumtype1/nanummjmd7.pfb>
Output written on UsingFeatureExtractionKorean.pdf (12 pages, 3422432 bytes).
PDF statistics:
 468 PDF objects out of 1000 (max. 8388607)
 52 named destinations out of 1000 (max. 500000)
 6273 words of extra memory for PDF output out of 10000 (max. 10000000)

